  main.cpp
d:\2022\컴비\20191585_imagerotation\opencv project1\opencv project1\main.cpp(16): warning C4244: '인수': 'double'에서 '_Tp'(으)로 변환하면서 데이터가 손실될 수 있습니다.
          with
          [
              _Tp=float
          ]
d:\2022\컴비\20191585_imagerotation\opencv project1\opencv project1\main.cpp(18): warning C4244: '초기화 중': 'double'에서 'int'(으)로 변환하면서 데이터가 손실될 수 있습니다.
d:\2022\컴비\20191585_imagerotation\opencv project1\opencv project1\main.cpp(19): warning C4244: '초기화 중': 'double'에서 'int'(으)로 변환하면서 데이터가 손실될 수 있습니다.
d:\2022\컴비\20191585_imagerotation\opencv project1\opencv project1\main.cpp(40): warning C4244: '초기화 중': 'double'에서 'int'(으)로 변환하면서 데이터가 손실될 수 있습니다.
d:\2022\컴비\20191585_imagerotation\opencv project1\opencv project1\main.cpp(41): warning C4244: '초기화 중': 'double'에서 'int'(으)로 변환하면서 데이터가 손실될 수 있습니다.
d:\2022\컴비\20191585_imagerotation\opencv project1\opencv project1\main.cpp(26): warning C4101: 'a' :참조되지 않은 지역 변수입니다.
d:\2022\컴비\20191585_imagerotation\opencv project1\opencv project1\main.cpp(26): warning C4101: 'b' :참조되지 않은 지역 변수입니다.
d:\2022\컴비\20191585_imagerotation\opencv project1\opencv project1\main.cpp(95): warning C4244: '인수': 'double'에서 '_Tp'(으)로 변환하면서 데이터가 손실될 수 있습니다.
          with
          [
              _Tp=float
          ]
d:\2022\컴비\20191585_imagerotation\opencv project1\opencv project1\main.cpp(97): warning C4244: '초기화 중': 'double'에서 'int'(으)로 변환하면서 데이터가 손실될 수 있습니다.
d:\2022\컴비\20191585_imagerotation\opencv project1\opencv project1\main.cpp(98): warning C4244: '초기화 중': 'double'에서 'int'(으)로 변환하면서 데이터가 손실될 수 있습니다.
d:\2022\컴비\20191585_imagerotation\opencv project1\opencv project1\main.cpp(120): warning C4244: '초기화 중': 'double'에서 'int'(으)로 변환하면서 데이터가 손실될 수 있습니다.
d:\2022\컴비\20191585_imagerotation\opencv project1\opencv project1\main.cpp(121): warning C4244: '초기화 중': 'double'에서 'int'(으)로 변환하면서 데이터가 손실될 수 있습니다.
d:\2022\컴비\20191585_imagerotation\opencv project1\opencv project1\main.cpp(104): warning C4101: 'a' :참조되지 않은 지역 변수입니다.
d:\2022\컴비\20191585_imagerotation\opencv project1\opencv project1\main.cpp(104): warning C4101: 'b' :참조되지 않은 지역 변수입니다.
d:\2022\컴비\20191585_imagerotation\opencv project1\opencv project1\main.cpp(164): warning C4244: '인수': 'double'에서 '_Tp'(으)로 변환하면서 데이터가 손실될 수 있습니다.
          with
          [
              _Tp=float
          ]
d:\2022\컴비\20191585_imagerotation\opencv project1\opencv project1\main.cpp(200): warning C4244: '=': 'double'에서 'int'(으)로 변환하면서 데이터가 손실될 수 있습니다.
d:\2022\컴비\20191585_imagerotation\opencv project1\opencv project1\main.cpp(201): warning C4244: '=': 'double'에서 'int'(으)로 변환하면서 데이터가 손실될 수 있습니다.
d:\2022\컴비\20191585_imagerotation\opencv project1\opencv project1\main.cpp(217): warning C4244: '=': 'double'에서 '_Tp'(으)로 변환하면서 데이터가 손실될 수 있습니다.
          with
          [
              _Tp=uchar
          ]
d:\2022\컴비\20191585_imagerotation\opencv project1\opencv project1\main.cpp(177): warning C4101: 'a' :참조되지 않은 지역 변수입니다.
d:\2022\컴비\20191585_imagerotation\opencv project1\opencv project1\main.cpp(177): warning C4101: 'b' :참조되지 않은 지역 변수입니다.
  코드를 생성하고 있습니다.
  72 of 74 functions (97.3%) were compiled, the rest were copied from previous compilation.
    0 functions were new in current compilation
    0 functions had inline decision re-evaluated but remain unchanged
  코드를 생성했습니다.
  opencv project1.vcxproj -> D:\2022\컴비\20191585_imagerotation\opencv project1\x64\Release\opencv project1.exe
